<?xml version="1.0" encoding="UTF-8"?>
<!-- Generated by org.testng.reporters.JUnitReportReporter -->
<testsuite hostname="TYSS-Rakesh" failures="0" tests="1" name="rak.openDebuggerChrome" time="3.021" errors="0" timestamp="12 Apr 2023 06:24:07 GMT" skipped="0">
  <testcase classname="rak.openDebuggerChrome" name="rak" time="3.021"/>
</testsuite> <!-- rak.openDebuggerChrome -->
