<?xml version="1.0" encoding="UTF-8"?>
<!-- Generated by org.testng.reporters.JUnitReportReporter -->
<testsuite hostname="TYSS-Rakesh" failures="0" tests="1" name="rak.NewTest" time="2.375" errors="0" timestamp="25 Mar 2023 08:00:35 GMT" skipped="0">
  <testcase classname="rak.NewTest" name="f" time="2.375"/>
</testsuite> <!-- rak.NewTest -->
