<?xml version="1.0" encoding="UTF-8"?>
<!-- Generated by org.testng.reporters.JUnitReportReporter -->
<testsuite hostname="TYSS-Rakesh" failures="0" tests="1" name="RUNNER.Reader" time="52.160" errors="0" timestamp="2023-04-27T13:27:21 IST" skipped="0">
  <testcase classname="RUNNER.Reader" name="write" time="52.160"/>
  <system-out/>
</testsuite> <!-- RUNNER.Reader -->
