<?xml version="1.0" encoding="UTF-8"?>
<!-- Generated by org.testng.reporters.JUnitReportReporter -->
<testsuite hostname="TYSS-Rakesh" failures="0" tests="26" name="RUNNER.Writer" time="29.248" errors="0" timestamp="2023-04-26T23:45:15 IST" skipped="0">
  <testcase classname="RUNNER.Writer" name="filler" time="1.912"/>
  <system-out/>
  <testcase classname="RUNNER.Writer" name="filler" time="1.121"/>
  <system-out/>
  <testcase classname="RUNNER.Writer" name="filler" time="1.021"/>
  <system-out/>
  <testcase classname="RUNNER.Writer" name="filler" time="1.253"/>
  <system-out/>
  <testcase classname="RUNNER.Writer" name="filler" time="0.838"/>
  <system-out/>
  <testcase classname="RUNNER.Writer" name="filler" time="0.927"/>
  <system-out/>
  <testcase classname="RUNNER.Writer" name="filler" time="1.162"/>
  <system-out/>
  <testcase classname="RUNNER.Writer" name="filler" time="1.093"/>
  <system-out/>
  <testcase classname="RUNNER.Writer" name="filler" time="0.934"/>
  <system-out/>
  <testcase classname="RUNNER.Writer" name="filler" time="0.976"/>
  <system-out/>
  <testcase classname="RUNNER.Writer" name="filler" time="0.974"/>
  <system-out/>
  <testcase classname="RUNNER.Writer" name="filler" time="0.946"/>
  <system-out/>
  <testcase classname="RUNNER.Writer" name="filler" time="1.097"/>
  <system-out/>
  <testcase classname="RUNNER.Writer" name="filler" time="1.064"/>
  <system-out/>
  <testcase classname="RUNNER.Writer" name="filler" time="1.055"/>
  <system-out/>
  <testcase classname="RUNNER.Writer" name="filler" time="1.164"/>
  <system-out/>
  <testcase classname="RUNNER.Writer" name="filler" time="1.081"/>
  <system-out/>
  <testcase classname="RUNNER.Writer" name="filler" time="1.197"/>
  <system-out/>
  <testcase classname="RUNNER.Writer" name="filler" time="1.290"/>
  <system-out/>
  <testcase classname="RUNNER.Writer" name="filler" time="1.764"/>
  <system-out/>
  <testcase classname="RUNNER.Writer" name="filler" time="1.243"/>
  <system-out/>
  <testcase classname="RUNNER.Writer" name="filler" time="0.993"/>
  <system-out/>
  <testcase classname="RUNNER.Writer" name="filler" time="1.051"/>
  <system-out/>
  <testcase classname="RUNNER.Writer" name="filler" time="1.011"/>
  <system-out/>
  <testcase classname="RUNNER.Writer" name="filler" time="1.048"/>
  <system-out/>
  <testcase classname="RUNNER.Writer" name="filler" time="1.033"/>
  <system-out/>
</testsuite> <!-- RUNNER.Writer -->
