<?xml version="1.0" encoding="UTF-8"?>
<!-- Generated by org.testng.reporters.JUnitReportReporter -->
<testsuite hostname="TYSS-Rakesh" failures="0" tests="1" name="RUNNER.Engine2" time="10.943" errors="0" timestamp="2023-04-15T23:13:05 IST" skipped="0">
  <testcase classname="RUNNER.Engine2" name="write" time="10.943"/>
  <system-out/>
</testsuite> <!-- RUNNER.Engine2 -->
