<?xml version="1.0" encoding="UTF-8"?>
<!-- Generated by org.testng.reporters.JUnitReportReporter -->
<testsuite hostname="TYSS-Rakesh" failures="0" tests="8" name="RUNNER.Writer" time="6.988" errors="0" timestamp="2023-04-16T21:30:36 IST" skipped="0">
  <testcase classname="RUNNER.Writer" name="filler" time="0.754"/>
  <system-out/>
  <testcase classname="RUNNER.Writer" name="filler" time="0.844"/>
  <system-out/>
  <testcase classname="RUNNER.Writer" name="filler" time="0.845"/>
  <system-out/>
  <testcase classname="RUNNER.Writer" name="filler" time="0.958"/>
  <system-out/>
  <testcase classname="RUNNER.Writer" name="filler" time="0.852"/>
  <system-out/>
  <testcase classname="RUNNER.Writer" name="filler" time="0.885"/>
  <system-out/>
  <testcase classname="RUNNER.Writer" name="filler" time="1.027"/>
  <system-out/>
  <testcase classname="RUNNER.Writer" name="filler" time="0.823"/>
  <system-out/>
</testsuite> <!-- RUNNER.Writer -->
