<?xml version="1.0" encoding="UTF-8"?>
<!-- Generated by org.testng.reporters.JUnitReportReporter -->
<testsuite hostname="TYSS-Rakesh" failures="0" tests="9" name="RUNNER.Engine1" time="8.039" errors="0" timestamp="2023-04-15T22:18:22 IST" skipped="0">
  <testcase classname="RUNNER.Engine1" name="filler" time="0.833"/>
  <system-out/>
  <testcase classname="RUNNER.Engine1" name="filler" time="0.814"/>
  <system-out/>
  <testcase classname="RUNNER.Engine1" name="filler" time="1.176"/>
  <system-out/>
  <testcase classname="RUNNER.Engine1" name="filler" time="0.802"/>
  <system-out/>
  <testcase classname="RUNNER.Engine1" name="filler" time="0.789"/>
  <system-out/>
  <testcase classname="RUNNER.Engine1" name="filler" time="0.813"/>
  <system-out/>
  <testcase classname="RUNNER.Engine1" name="filler" time="1.025"/>
  <system-out/>
  <testcase classname="RUNNER.Engine1" name="filler" time="0.768"/>
  <system-out/>
  <testcase classname="RUNNER.Engine1" name="filler" time="1.019"/>
  <system-out/>
</testsuite> <!-- RUNNER.Engine1 -->
