<?xml version="1.0" encoding="UTF-8"?>
<!-- Generated by org.testng.reporters.JUnitReportReporter -->
<testsuite hostname="TYSS-Rakesh" failures="0" tests="1" name="RUNNER.Reader" time="7.324" errors="0" timestamp="2023-04-16T21:25:05 IST" skipped="0">
  <testcase classname="RUNNER.Reader" name="write" time="7.324"/>
  <system-out/>
</testsuite> <!-- RUNNER.Reader -->
