<?xml version="1.0" encoding="UTF-8"?>
<!-- Generated by org.testng.reporters.JUnitReportReporter -->
<testsuite hostname="TYSS-Rakesh" failures="0" tests="1" name="RUNNER.d1" time="8.564" errors="0" timestamp="2023-04-15T20:53:26 IST" skipped="0">
  <testcase classname="RUNNER.d1" name="d1" time="8.564"/>
  <system-out/>
</testsuite> <!-- RUNNER.d1 -->
